2024-03-15 12:34:34,685 - INFO - Starting wine classification project...
2024-03-15 12:34:58,426 - INFO - Training Logistic Regression model...
2024-03-15 12:34:58,459 - INFO - Logistic Regression Mean Accuracy: 0.979064
2024-03-15 12:34:58,477 - INFO - Training Decision Tree model...
2024-03-15 12:34:58,500 - INFO - Decision Tree Mean Accuracy: 0.915271
2024-03-15 12:34:58,516 - INFO - Training Random Forest model...
2024-03-15 12:34:59,058 - INFO - Random Forest Mean Accuracy: 0.971675
2024-03-15 12:34:59,073 - INFO - Training K-Nearest Neighbors model...
2024-03-15 12:34:59,108 - INFO - K-Nearest Neighbors Mean Accuracy: 0.957882
2024-03-15 12:35:06,492 - INFO - Wine classification project completed.
2024-03-15 13:08:18,627 - INFO - Starting wine classification project...
2024-03-15 13:29:37,039 - INFO - Starting wine classification project...
2024-03-15 13:30:28,103 - INFO - Starting wine classification project...
2024-03-15 13:31:35,947 - INFO - Starting wine classification project...
2024-03-15 13:32:59,850 - INFO - Starting wine classification project...
2024-03-15 13:35:41,138 - INFO - Starting wine classification project...
2024-03-15 13:35:41,145 - INFO - Training Logistic Regression model...
2024-03-16 16:48:17,707 - INFO - Starting wine classification project...
2024-03-16 16:48:17,709 - INFO - Results folder created: c:\Users\Administrator\Documents\Machine_Learning - Statistik und Algorithmen\ML\Wine Project\results\2024-03-16_16-48-17
2024-03-16 16:48:39,959 - INFO - Data profiling report generated.
2024-03-16 16:48:39,962 - INFO - Missing values handled.
2024-03-16 16:48:39,970 - INFO - Training Logistic Regression model...
2024-03-16 16:48:39,998 - INFO - Logistic Regression Mean Accuracy: 0.9790640394088671
2024-03-16 16:48:40,020 - INFO - Training Decision Tree model...
2024-03-16 16:48:40,044 - INFO - Decision Tree Mean Accuracy: 0.9152709359605913
2024-03-16 16:48:40,055 - INFO - Training Random Forest model...
2024-03-16 16:48:40,524 - INFO - Random Forest Mean Accuracy: 0.9785714285714286
2024-03-16 16:48:40,544 - INFO - Training K-Nearest Neighbors model...
2024-03-16 16:48:40,573 - INFO - K-Nearest Neighbors Mean Accuracy: 0.9578817733990148
2024-03-16 16:48:40,584 - INFO - Tuning Logistic Regression model...
2024-03-16 16:48:40,804 - INFO - Tuning Decision Tree model...
2024-03-16 16:48:41,042 - INFO - Tuning Random Forest model...
2024-03-16 16:48:47,482 - INFO - Tuning K-Nearest Neighbors model...
2024-03-16 16:48:47,613 - INFO - Wine classification project completed.
2024-03-16 16:48:50,741 - INFO - Starting wine classification project...
2024-03-16 16:48:50,743 - INFO - Results folder created: c:\Users\Administrator\Documents\Machine_Learning - Statistik und Algorithmen\ML\Wine Project\results\2024-03-16_16-48-50
2024-03-16 16:49:12,839 - INFO - Data profiling report generated.
2024-03-16 16:49:12,841 - INFO - Missing values handled.
2024-03-16 16:49:12,848 - INFO - Training Logistic Regression model...
2024-03-16 16:49:12,876 - INFO - Logistic Regression Mean Accuracy: 0.9790640394088671
2024-03-16 16:49:12,896 - INFO - Training Decision Tree model...
2024-03-16 16:49:12,919 - INFO - Decision Tree Mean Accuracy: 0.9152709359605913
2024-03-16 16:49:12,931 - INFO - Training Random Forest model...
2024-03-16 16:49:13,403 - INFO - Random Forest Mean Accuracy: 0.9642857142857142
2024-03-16 16:49:13,425 - INFO - Training K-Nearest Neighbors model...
2024-03-16 16:49:13,454 - INFO - K-Nearest Neighbors Mean Accuracy: 0.9578817733990148
2024-03-16 16:49:13,467 - INFO - Tuning Logistic Regression model...
2024-03-16 16:49:13,664 - INFO - Tuning Decision Tree model...
2024-03-16 16:49:13,899 - INFO - Tuning Random Forest model...
2024-03-16 16:49:20,129 - INFO - Tuning K-Nearest Neighbors model...
2024-03-16 16:49:20,259 - INFO - Wine classification project completed.
2024-03-16 16:56:04,624 - INFO - Starting wine classification project...
2024-03-16 16:56:04,625 - INFO - Results folder created: c:\Users\Administrator\Documents\Machine_Learning - Statistik und Algorithmen\ML\Wine Project\results\2024-03-16_16-56-04
2024-03-16 16:56:27,364 - INFO - Data profiling report generated.
2024-03-16 16:56:27,367 - INFO - Missing values handled.
2024-03-16 16:58:18,649 - INFO - Starting wine classification project...
2024-03-16 16:58:18,650 - INFO - Results folder created: c:\Users\Administrator\Documents\Machine_Learning - Statistik und Algorithmen\ML\Wine Project\results\2024-03-16_16-58-18
2024-03-16 16:58:41,215 - INFO - Data profiling report generated.
2024-03-16 16:58:41,217 - INFO - Missing values handled.
2024-03-16 16:58:41,223 - INFO - Training Logistic Regression model...
2024-03-16 16:58:41,254 - INFO - Logistic Regression Mean Accuracy: 0.9790640394088671
2024-03-16 16:58:41,276 - INFO - Training Decision Tree model...
2024-03-16 16:58:41,299 - INFO - Decision Tree Mean Accuracy: 0.9224137931034484
2024-03-16 16:58:41,313 - INFO - Training Random Forest model...
2024-03-16 16:58:41,797 - INFO - Random Forest Mean Accuracy: 0.9645320197044336
2024-03-16 16:58:41,809 - INFO - Training K-Nearest Neighbors model...
2024-03-16 16:58:41,838 - INFO - K-Nearest Neighbors Mean Accuracy: 0.9578817733990148
2024-03-16 16:58:41,851 - INFO - Tuning Logistic Regression model...
2024-03-16 16:58:42,068 - INFO - Tuning Decision Tree model...
2024-03-16 16:58:42,310 - INFO - Tuning Random Forest model...
2024-03-16 16:58:48,583 - INFO - Tuning K-Nearest Neighbors model...
2024-03-16 16:58:48,714 - INFO - Wine classification project completed.
2024-03-18 14:16:26,775 - INFO - Starting wine classification project...
2024-03-18 14:16:51,749 - INFO - Training Logistic Regression model...
2024-03-18 14:16:51,782 - INFO - Logistic Regression Mean Accuracy: 0.979064
2024-03-18 14:16:51,798 - INFO - Training Decision Tree model...
2024-03-18 14:16:51,824 - INFO - Decision Tree Mean Accuracy: 0.922414
2024-03-18 14:16:51,839 - INFO - Training Random Forest model...
2024-03-18 14:16:52,370 - INFO - Random Forest Mean Accuracy: 0.978571
2024-03-18 14:16:52,387 - INFO - Training K-Nearest Neighbors model...
2024-03-18 14:16:52,423 - INFO - K-Nearest Neighbors Mean Accuracy: 0.957882
2024-03-18 14:16:59,970 - INFO - Wine classification project completed.
2024-03-18 14:17:56,459 - INFO - Starting wine classification project...
2024-03-18 14:17:56,465 - INFO - Results folder created: c:\Users\Administrator\Documents\Machine_Learning - Statistik und Algorithmen\ML\Wine Project\results\2024-03-18_14-17-56
2024-03-18 14:18:20,968 - INFO - Data profiling report generated.
2024-03-18 14:18:20,972 - INFO - Missing values handled.
2024-03-18 14:18:20,979 - INFO - Training Logistic Regression model...
2024-03-18 14:18:21,016 - INFO - Logistic Regression Mean Accuracy: 0.9790640394088671
2024-03-18 14:18:21,035 - INFO - Training Decision Tree model...
2024-03-18 14:18:21,060 - INFO - Decision Tree Mean Accuracy: 0.9152709359605913
2024-03-18 14:18:21,074 - INFO - Training Random Forest model...
2024-03-18 14:18:21,597 - INFO - Random Forest Mean Accuracy: 0.9645320197044336
2024-03-18 14:18:21,612 - INFO - Training K-Nearest Neighbors model...
2024-03-18 14:18:21,645 - INFO - K-Nearest Neighbors Mean Accuracy: 0.9578817733990148
2024-03-18 14:18:21,655 - INFO - Tuning Logistic Regression model...
2024-03-18 14:18:21,857 - INFO - Tuning Decision Tree model...
2024-03-18 14:18:22,153 - INFO - Tuning Random Forest model...
2024-03-18 14:18:29,144 - INFO - Tuning K-Nearest Neighbors model...
2024-03-18 14:18:29,283 - INFO - Wine classification project completed.
